Arguments: 
  /home/ikembakwem/.nvm/versions/node/v16.17.1/bin/node /home/ikembakwem/.nvm/versions/node/v16.17.1/bin/yarn install

PATH: 
  /home/ikembakwem/.nvm/versions/node/v16.17.1/bin:/home/ikembakwem/.local/bin:/usr/local/sbin:/usr/local/bin:/usr/sbin:/usr/bin:/sbin:/bin:/usr/games:/usr/local/games:/snap/bin:/usr/local/go/bin:/home/ikembakwem/workspace/bin

Yarn version: 
  1.22.19

Node version: 
  16.17.1

Platform: 
  linux x64

Trace: 
  Error: Client network socket disconnected before secure TLS connection was established
      at connResetException (node:internal/errors:704:14)
      at TLSSocket.onConnectEnd (node:_tls_wrap:1590:19)
      at TLSSocket.emit (node:events:525:35)
      at endReadableNT (node:internal/streams/readable:1358:12)
      at processTicksAndRejections (node:internal/process/task_queues:83:21)

npm manifest: 
  {
    "name": "catstronauts-client-complete",
    "version": "1.0.0",
    "private": true,
    "description": "front-end demo app for Apollo's lift-off IV course",
    "dependencies": {
      "@apollo/client": "^3.3.6",
      "@apollo/space-kit": "^9.3.1",
      "@emotion/cache": "^11.4.0",
      "@emotion/core": "^10.1.1",
      "@emotion/react": "^11.4.0",
      "@emotion/styled": "^11.3.0",
      "@reach/router": "^1.3.4",
      "framer-motion": "^4.1.17",
      "graphql": "^15.3.0",
      "react": "^16.13.1",
      "react-dom": "^16.13.1",
      "react-emotion": "^10.0.0",
      "react-markdown": "^6.0.2",
      "react-player": "^2.6.0",
      "react-scripts": "^5.0.1"
    },
    "scripts": {
      "start": "react-scripts start",
      "build": "react-scripts build",
      "test": "react-scripts test",
      "eject": "react-scripts eject"
    },
    "eslintConfig": {
      "extends": "react-app"
    },
    "browserslist": {
      "production": [
        ">0.2%",
        "not dead",
        "not op_mini all"
      ],
      "development": [
        "last 1 chrome version",
        "last 1 firefox version",
        "last 1 safari version"
      ]
    },
    "devDependencies": {
      "@testing-library/jest-dom": "^4.2.4",
      "@testing-library/react": "^9.3.2",
      "@testing-library/user-event": "^7.1.2",
      "apollo": "^2.30.2"
    },
    "engines":{
      "npm":"8.5.0"
     },
    "main": "src/index.js",
    "author": "Raphael Terrier @R4ph-t",
    "license": "MIT"
  }

yarn manifest: 
  No manifest

Lockfile: 
  No lockfile
